[0m2021.11.12 01:19:33 INFO  Started: Metals version 0.10.9 in workspace '/Users/davidhong/Learn/week_1' for client Visual Studio Code 1.61.2.[0m
[0m2021.11.12 01:19:34 INFO  time: initialize in 0.38s[0m
[0m2021.11.12 01:19:34 WARN  Build server is not auto-connectable.[0m
[0m2021.11.12 01:19:37 INFO  running '/Library/Java/JavaVirtualMachines/adoptopenjdk-8.jdk/Contents/Home/bin/java -Djline.terminal=jline.UnsupportedTerminal -Dsbt.log.noformat=true -Dfile.encoding=UTF-8 -jar /var/folders/tw/4twqr1wx22370mjtzdpwkxpr0000gn/T/metals152747048315461789/sbt-launch.jar -Dbloop.export-jar-classifiers=sources bloopInstall'[0m
[0m2021.11.12 01:19:37 WARN  no build target for: /Users/davidhong/Learn/week_1/project/metals.sbt[0m
[0m2021.11.12 01:19:37 WARN  no build target for: /Users/davidhong/Learn/week_1/project/project/metals.sbt[0m
[0m2021.11.12 01:19:37 INFO  skipping build import with status 'Started'[0m
[0m2021.11.12 01:19:37 INFO  time: ran 'sbt bloopInstall' in 1.11s[0m
[0m2021.11.12 01:19:38 ERROR sbt command failed: /Library/Java/JavaVirtualMachines/adoptopenjdk-8.jdk/Contents/Home/bin/java -Djline.terminal=jline.UnsupportedTerminal -Dsbt.log.noformat=true -Dfile.encoding=UTF-8 -jar /var/folders/tw/4twqr1wx22370mjtzdpwkxpr0000gn/T/metals152747048315461789/sbt-launch.jar -Dbloop.export-jar-classifiers=sources bloopInstall[0m
[0m2021.11.12 01:19:39 INFO  no build target: using presentation compiler with only scala-library: 3.1.0[0m
[0m2021.11.12 01:19:54 INFO  no build target: using presentation compiler with only scala-library: 3.1.0[0m
[0m2021.11.12 01:19:54 INFO  time: evaluated worksheet 'Definitions.worksheet.sc' in 7.44s[0m
Exception in thread "pool-3-thread-1" java.lang.Error: dotty.tools.dotc.core.TypeError: Toplevel definition <init> is defined in
  /Users/davidhong/Learn/week_1/src/main/scala/org/epfl/01_definitions/Definitions.worksheet.sc
and also in
  /Users/davidhong/Learn/week_1/src/main/scala/org/epfl/03_video-streaming/VideoStreaming.worksheet.sc
One of these files should be removed from the classpath.
	at java.util.concurrent.ThreadPoolExecutor.runWorker(ThreadPoolExecutor.java:1155)
	at java.util.concurrent.ThreadPoolExecutor$Worker.run(ThreadPoolExecutor.java:624)
	at java.lang.Thread.run(Thread.java:748)
Caused by: dotty.tools.dotc.core.TypeError: Toplevel definition <init> is defined in
  /Users/davidhong/Learn/week_1/src/main/scala/org/epfl/01_definitions/Definitions.worksheet.sc
and also in
  /Users/davidhong/Learn/week_1/src/main/scala/org/epfl/03_video-streaming/VideoStreaming.worksheet.sc
One of these files should be removed from the classpath.
	at dotty.tools.dotc.core.SymDenotations$PackageClassDenotation.dropStale$1(SymDenotations.scala:2439)
	at dotty.tools.dotc.core.SymDenotations$PackageClassDenotation.recur$1(SymDenotations.scala:2403)
	at dotty.tools.dotc.core.SymDenotations$PackageClassDenotation.computeMembersNamed(SymDenotations.scala:2459)
	at dotty.tools.dotc.core.SymDenotations$ClassDenotation.membersNamed(SymDenotations.scala:2012)
	at dotty.tools.dotc.core.SymDenotations$ClassDenotation.findMember(SymDenotations.scala:2063)
	at dotty.tools.dotc.core.Types$Type.go$1(Types.scala:683)
	at dotty.tools.dotc.core.Types$Type.goThis$1(Types.scala:807)
	at dotty.tools.dotc.core.Types$Type.go$1(Types.scala:700)
	at dotty.tools.dotc.core.Types$Type.findMember(Types.scala:870)
	at dotty.tools.dotc.core.Types$Type.memberBasedOnFlags(Types.scala:666)
	at dotty.tools.dotc.core.Types$Type.member(Types.scala:650)
	at dotty.tools.dotc.core.Types$Type.allMembers$$anonfun$1(Types.scala:1011)
	at scala.runtime.function.JProcedure2.apply(JProcedure2.java:15)
	at scala.runtime.function.JProcedure2.apply(JProcedure2.java:10)
	at dotty.tools.dotc.core.Types$Type.memberDenots$$anonfun$1(Types.scala:916)
	at scala.runtime.function.JProcedure1.apply(JProcedure1.java:15)
	at scala.runtime.function.JProcedure1.apply(JProcedure1.java:10)
	at scala.collection.immutable.BitmapIndexedSetNode.foreach(HashSet.scala:937)
	at scala.collection.immutable.HashSet.foreach(HashSet.scala:944)
	at dotty.tools.dotc.core.Types$Type.memberDenots(Types.scala:916)
	at dotty.tools.dotc.core.Types$Type.allMembers(Types.scala:1011)
	at scala.meta.internal.pc.IndexedContext$.accesibleMembers$1(IndexedContext.scala:127)
	at scala.meta.internal.pc.IndexedContext$.scala$meta$internal$pc$IndexedContext$$$extractNames(IndexedContext.scala:184)
	at scala.meta.internal.pc.IndexedContext$LazyWrapper.<init>(IndexedContext.scala:77)
	at scala.meta.internal.pc.IndexedContext$.apply(IndexedContext.scala:65)
	at scala.meta.internal.pc.IndexedContext$LazyWrapper.<init>(IndexedContext.scala:76)
	at scala.meta.internal.pc.IndexedContext$.apply(IndexedContext.scala:65)
	at scala.meta.internal.pc.IndexedContext$LazyWrapper.<init>(IndexedContext.scala:76)
	at scala.meta.internal.pc.IndexedContext$.apply(IndexedContext.scala:65)
	at scala.meta.internal.pc.IndexedContext$LazyWrapper.<init>(IndexedContext.scala:76)
	at scala.meta.internal.pc.IndexedContext$.apply(IndexedContext.scala:65)
	at scala.meta.internal.pc.ScalaPresentationCompiler.$anonfun$9(ScalaPresentationCompiler.scala:335)
	at scala.Option.map(Option.scala:242)
	at scala.meta.internal.pc.ScalaPresentationCompiler.hover$$anonfun$1(ScalaPresentationCompiler.scala:341)
	at scala.meta.internal.pc.CompilerAccess.withSharedCompiler(CompilerAccess.scala:137)
	at scala.meta.internal.pc.CompilerAccess.withNonInterruptableCompiler$$anonfun$1(CompilerAccess.scala:125)
	at scala.meta.internal.pc.CompilerAccess.onCompilerJobQueue$$anonfun$1(CompilerAccess.scala:197)
	at scala.meta.internal.pc.CompilerJobQueue$Job.run(CompilerJobQueue.scala:139)
	at java.util.concurrent.ThreadPoolExecutor.runWorker(ThreadPoolExecutor.java:1149)
	... 2 more
[0m2021.11.12 01:19:58 INFO  no build target: using presentation compiler with only scala-library: 3.1.0[0m
[0m2021.11.12 01:19:58 INFO  time: evaluated worksheet 'VideoStreaming.worksheet.sc' in 1.65s[0m
Nov 12, 2021 1:20:22 AM org.eclipse.lsp4j.jsonrpc.RemoteEndpoint handleCancellation
WARNING: Unmatched cancel notification for request id 26
[0m2021.11.12 13:53:02 INFO  shutting down Metals[0m
